<?xml version="1.0" encoding="UTF-8"?>
<testng-results skipped="0" failed="0" total="2" passed="2">
  <reporter-output>
  </reporter-output>
  <suite name="Default suite" duration-ms="34758" started-at="2016-04-24T15:01:02Z" finished-at="2016-04-24T15:01:37Z">
    <groups>
    </groups>
    <test name="Default test" duration-ms="34758" started-at="2016-04-24T15:01:02Z" finished-at="2016-04-24T15:01:37Z">
      <class name="com.homeaway.tests.CheckoutPageTest">
        <test-method status="PASS" signature="openBrowser()[pri:0, instance:com.homeaway.tests.CheckoutPageTest@1e54f9f6]" name="openBrowser" is-config="true" duration-ms="7885" started-at="2016-04-24T11:01:02Z" finished-at="2016-04-24T11:01:10Z">
          <reporter-output>
          </reporter-output>
        </test-method> <!-- openBrowser -->
        <test-method status="PASS" signature="TotalPriceCheckTest()[pri:0, instance:com.homeaway.tests.CheckoutPageTest@1e54f9f6]" name="TotalPriceCheckTest" duration-ms="10403" started-at="2016-04-24T11:01:10Z" finished-at="2016-04-24T11:01:20Z">
          <reporter-output>
          </reporter-output>
        </test-method> <!-- TotalPriceCheckTest -->
        <test-method status="PASS" signature="closeBrowser()[pri:0, instance:com.homeaway.tests.CheckoutPageTest@1e54f9f6]" name="closeBrowser" is-config="true" duration-ms="11" started-at="2016-04-24T11:01:20Z" finished-at="2016-04-24T11:01:20Z">
          <reporter-output>
          </reporter-output>
        </test-method> <!-- closeBrowser -->
        <test-method status="PASS" signature="openBrowser()[pri:0, instance:com.homeaway.tests.CheckoutPageTest@1e54f9f6]" name="openBrowser" is-config="true" duration-ms="7052" started-at="2016-04-24T11:01:20Z" finished-at="2016-04-24T11:01:27Z">
          <reporter-output>
          </reporter-output>
        </test-method> <!-- openBrowser -->
        <test-method status="PASS" signature="removeOrderTest()[pri:0, instance:com.homeaway.tests.CheckoutPageTest@1e54f9f6]" name="removeOrderTest" duration-ms="9379" started-at="2016-04-24T11:01:27Z" finished-at="2016-04-24T11:01:37Z">
          <reporter-output>
          </reporter-output>
        </test-method> <!-- removeOrderTest -->
        <test-method status="PASS" signature="closeBrowser()[pri:0, instance:com.homeaway.tests.CheckoutPageTest@1e54f9f6]" name="closeBrowser" is-config="true" duration-ms="11" started-at="2016-04-24T11:01:37Z" finished-at="2016-04-24T11:01:37Z">
          <reporter-output>
          </reporter-output>
        </test-method> <!-- closeBrowser -->
      </class> <!-- com.homeaway.tests.CheckoutPageTest -->
    </test> <!-- Default test -->
  </suite> <!-- Default suite -->
</testng-results>
